{"/Users/luiz/code/VSCode/snippet-wizard/src/utils/generateFinalContent.ts": {"path":"/Users/luiz/code/VSCode/snippet-wizard/src/utils/generateFinalContent.ts","statementMap":{"0":{"start":{"line":2,"column":0},"end":{"line":15,"column":2}},"1":{"start":{"line":17,"column":36},"end":{"line":29,"column":1}},"2":{"start":{"line":18,"column":20},"end":{"line":18,"column":57}},"3":{"start":{"line":19,"column":23},"end":{"line":23,"column":17}},"4":{"start":{"line":21,"column":20},"end":{"line":21,"column":61}},"5":{"start":{"line":22,"column":6},"end":{"line":22,"column":75}},"6":{"start":{"line":25,"column":2},"end":{"line":28,"column":40}},"7":{"start":{"line":17,"column":13},"end":{"line":17,"column":36}}},"fnMap":{"0":{"name":"(anonymous_0)","decl":{"start":{"line":17,"column":36},"end":{"line":17,"column":37}},"loc":{"start":{"line":17,"column":83},"end":{"line":29,"column":1}}},"1":{"name":"(anonymous_1)","decl":{"start":{"line":20,"column":9},"end":{"line":20,"column":10}},"loc":{"start":{"line":20,"column":25},"end":{"line":23,"column":5}}}},"branchMap":{"0":{"loc":{"start":{"line":21,"column":20},"end":{"line":21,"column":61}},"type":"cond-expr","locations":[{"start":{"line":21,"column":53},"end":{"line":21,"column":55}},{"start":{"line":21,"column":58},"end":{"line":21,"column":61}}]},"1":{"loc":{"start":{"line":22,"column":13},"end":{"line":22,"column":74}},"type":"cond-expr","locations":[{"start":{"line":22,"column":27},"end":{"line":22,"column":46}},{"start":{"line":22,"column":49},"end":{"line":22,"column":74}}]}},"s":{"0":1,"1":1,"2":1,"3":1,"4":2,"5":2,"6":1,"7":1},"f":{"0":1,"1":2},"b":{"0":[1,1],"1":[1,1]}}
,"/Users/luiz/code/VSCode/snippet-wizard/src/utils/toPascalCase.ts": {"path":"/Users/luiz/code/VSCode/snippet-wizard/src/utils/toPascalCase.ts","statementMap":{"0":{"start":{"line":1,"column":0},"end":{"line":1,"column":16}},"1":{"start":{"line":2,"column":2},"end":{"line":5,"column":14}},"2":{"start":{"line":4,"column":17},"end":{"line":4,"column":75}}},"fnMap":{"0":{"name":"toPascalCase","decl":{"start":{"line":1,"column":16},"end":{"line":1,"column":28}},"loc":{"start":{"line":1,"column":42},"end":{"line":6,"column":1}}},"1":{"name":"(anonymous_1)","decl":{"start":{"line":4,"column":9},"end":{"line":4,"column":13}},"loc":{"start":{"line":4,"column":17},"end":{"line":4,"column":75}}}},"branchMap":{},"s":{"0":1,"1":4,"2":13},"f":{"0":4,"1":13},"b":{}}
}
